=~=~=~=~=~=~=~=~=~=~=~= PuTTY log 2022.04.20 17:15:35 =~=~=~=~=~=~=~=~=~=~=~=

Current configuration : 4257 bytes
!
! Last configuration change at 14:37:45 UTC Wed Apr 20 2022
!
version 15.2
no service pad
service timestamps debug datetime msec
service timestamps log datetime msec
no service password-encryption
!
hostname Switch-1-KAL
!
boot-start-marker
boot-end-marker
!
enable secret 5 $1$/VV6$Pk/qnijBTYgnpqt1UX9y.1
enable password io
!
username admin secret 5 $1$8tn5$WTWQlGugwYpiRYVavxHem0
aaa new-model
!
!
 --More--         aaa authentication login admin local
 --More--         aaa authorization exec admin local 
 --More--         !
 --More--         !
 --More--         !
 --More--         !
 --More--         !
 --More--         !
 --More--         aaa session-id common
 --More--         switch 1 provision ws-c2960x-24ps-l
 --More--         !
 --More--         !
 --More--         ip domain-name gsb
 --More--         !
 --More--         !
 --More--         !
 --More--         !
 --More--         !
 --More--         !
 --More--         !
 --More--         !
 --More--         spanning-tree mode pvst
 --More--         spanning-tree extend system-id
 --More--         !
 --More--         !
 --More--         !
 --More--         !
 --More--         vlan internal allocation policy ascending
 --More--         !
 --More--         !
 --More--         ! 
 --More--         !
 --More--         !
 --More--         !
 --More--         !
 --More--         !
 --More--         !
 --More--         !
 --More--         !
 --More--         interface FastEthernet0
 --More--          no ip address
 --More--          shutdown
 --More--         !
 --More--         interface GigabitEthernet1/0/1
 --More--          switchport access vlan 110
 --More--          switchport trunk allowed vlan 1-1001
 --More--          switchport mode access
 --More--         !
 --More--         interface GigabitEthernet1/0/2
 --More--          switchport access vlan 10
 --More--          switchport trunk allowed vlan 1-1001
 --More--          switchport mode access
 --More--         !
 --More--         interface GigabitEthernet1/0/3
 --More--          switchport access vlan 10
 --More--          switchport trunk allowed vlan 1-1001
 --More--          switchport mode access
 --More--         !
 --More--         interface GigabitEthernet1/0/4
 --More--          switchport access vlan 110
 --More--          switchport trunk allowed vlan 1-1001
 --More--          switchport mode access
 --More--         !
 --More--         interface GigabitEthernet1/0/5
 --More--          switchport access vlan 110
 --More--          switchport trunk allowed vlan 1-1001
 --More--          switchport mode access
 --More--         !
 --More--         interface GigabitEthernet1/0/6
 --More--          switchport trunk allowed vlan 1-1001
 --More--          switchport mode trunk
 --More--         !
 --More--         interface GigabitEthernet1/0/7
 --More--          switchport access vlan 110
 --More--          switchport trunk allowed vlan 1-1001
 --More--          switchport mode access
 --More--         !
 --More--         interface GigabitEthernet1/0/8
 --More--          switchport trunk allowed vlan 1-1001
 --More--          switchport mode trunk
 --More--         !
 --More--         interface GigabitEthernet1/0/9
 --More--          switchport trunk allowed vlan 1-1001
 --More--          switchport mode trunk
 --More--         !
 --More--         interface GigabitEthernet1/0/10
 --More--          switchport trunk allowed vlan 1-1001
 --More--          switchport mode trunk
 --More--         !
 --More--         interface GigabitEthernet1/0/11
 --More--          switchport access vlan 100
 --More--          switchport trunk allowed vlan 1-1001
 --More--          switchport mode trunk
 --More--         !
 --More--         interface GigabitEthernet1/0/12
 --More--          switchport trunk allowed vlan 1-1001
 --More--          switchport mode trunk
 --More--         !
 --More--         interface GigabitEthernet1/0/13
 --More--          switchport access vlan 10
 --More--          switchport trunk allowed vlan 1-1001
 --More--          switchport mode access
 --More--         !
 --More--         interface GigabitEthernet1/0/14
 --More--          switchport trunk allowed vlan 1-1001
 --More--          switchport mode trunk
 --More--         !
 --More--         interface GigabitEthernet1/0/15
 --More--          switchport trunk allowed vlan 1-1001
 --More--          switchport mode trunk
 --More--         !
 --More--         interface GigabitEthernet1/0/16
 --More--          switchport trunk allowed vlan 1-1001
 --More--          switchport mode trunk
 --More--         !
 --More--         interface GigabitEthernet1/0/17
 --More--          switchport trunk allowed vlan 1-1001
 --More--          switchport mode trunk
 --More--         !
 --More--         interface GigabitEthernet1/0/18
 --More--          switchport trunk allowed vlan 1-1001
 --More--          switchport mode trunk
 --More--         !
 --More--         interface GigabitEthernet1/0/19
 --More--          switchport trunk allowed vlan 1-1001
 --More--          switchport mode trunk
 --More--         !
 --More--         interface GigabitEthernet1/0/20
 --More--          switchport trunk allowed vlan 1-1001
 --More--          switchport mode trunk
 --More--         !
 --More--         interface GigabitEthernet1/0/21
 --More--          switchport access vlan 110
 --More--          switchport trunk allowed vlan 1-1001
 --More--          switchport mode access
 --More--         !
 --More--         interface GigabitEthernet1/0/22
 --More--          switchport trunk allowed vlan 1-1001
 --More--          switchport mode trunk
 --More--         !
 --More--         interface GigabitEthernet1/0/23
 --More--          switchport trunk allowed vlan 1-1001
 --More--          switchport mode trunk
 --More--         !
 --More--         interface GigabitEthernet1/0/24
 --More--          switchport access vlan 110
 --More--          switchport trunk allowed vlan 1-1001
 --More--          switchport mode trunk
 --More--         !
 --More--         interface GigabitEthernet1/0/25
 --More--          switchport trunk allowed vlan 1-1001
 --More--          switchport mode trunk
 --More--         !
 --More--         interface GigabitEthernet1/0/26
 --More--          switchport trunk allowed vlan 1-1001
 --More--          switchport mode trunk
 --More--         !
 --More--         interface GigabitEthernet1/0/27
 --More--          switchport trunk allowed vlan 1-1001
 --More--          switchport mode trunk
 --More--         !
 --More--         interface GigabitEthernet1/0/28
 --More--          switchport trunk allowed vlan 1-1001
 --More--          switchport mode trunk
 --More--         !
 --More--         interface Vlan1
 --More--          no ip address
 --More--         !
 --More--         interface Vlan10
 --More--          ip address 192.168.10.100 255.255.255.0
 --More--         !
 --More--         interface Vlan37
 --More--          ip address 192.167.137.200 255.255.255.0
 --More--         !
 --More--         interface Vlan100
 --More--          ip address 172.16.0.200 255.255.255.0
 --More--         !
 --More--         interface Vlan110
 --More--          no ip address
 --More--         !
 --More--         ip default-gateway 192.168.0.254
 --More--         ip http server
 --More--         ip http secure-server
 --More--         !
 --More--         ip ssh authentication-retries 5
 --More--         ip ssh logging events
 --More--         ip ssh version 2
 --More--         !
 --More--         !
 --More--         snmp-server community public RO
 --More--         !
 --More--         !
 --More--         no vstack
 --More--         !
 --More--         line con 0
 --More--         line vty 0 4
 --More--          password sio
 --More--          transport input ssh
 --More--         line vty 5 15
 --More--          password sio
 --More--          transport input ssh
 --More--         !
 --More--         end
 --More--         


Switch-1-KAL#sh vlan

VLAN Name                             Status    Ports
---- -------------------------------- --------- -------------------------------
1    default                          active    Gi1/0/6, Gi1/0/8, Gi1/0/9
                                                Gi1/0/10, Gi1/0/12, Gi1/0/14
                                                Gi1/0/15, Gi1/0/16, Gi1/0/17
                                                Gi1/0/18, Gi1/0/19, Gi1/0/20
                                                Gi1/0/22, Gi1/0/23, Gi1/0/25
                                                Gi1/0/26, Gi1/0/27, Gi1/0/28
10   SRV                              active    Gi1/0/2, Gi1/0/3, Gi1/0/13
100  VLAN0100                         active    Gi1/0/11
110  Serveurs                         active    Gi1/0/1, Gi1/0/4, Gi1/0/5
                                                Gi1/0/7, Gi1/0/21
1002 fddi-default                     act/unsup 
1003 token-ring-default               act/unsup 
1004 fddinet-default                  act/unsup 
1005 trnet-default                    act/unsup 

VLAN Type  SAID       MTU   Parent RingNo BridgeNo Stp  BrdgMode Trans1 Trans2
---- ----- ---------- ----- ------ ------ -------- ---- -------- ------ ------
1    enet  100001     1500  -      -      -        -    -        0      0   
10   enet  100010     1500  -      -      -        -    -        0      0   
100  enet  100100     1500  -      -      -        -    -        0      0   
 --More--         110  enet  100110     1500  -      -      -        -    -        0      0   
 --More--         1002 fddi  101002     1500  -      -      -        -    -        0      0   
 --More--         1003 tr    101003     1500  -      -      -        -    -        0      0   
 --More--         1004 fdnet 101004     1500  -      -      -        ieee -        0      0   
 --More--         1005 trnet 101005     1500  -      -      -        ibm  -        0      0   
 --More--         
 --More--         Remote SPAN VLANs
 --More--         ------------------------------------------------------------------------------
 --More--         

Primary Secondary Type              Ports
------- --------- ----------------- ------------------------------------------


